number,value,datetime_start,datetime_complete,duration,params_batch_size,params_beta,params_hidden_dim,params_lr,params_z_dim,state
0,2015.5407178391256,2026-08-17 03:22:33.062278,2026-08-17 03:22:41.921809,0 days 00:00:08.859531,5000,1.4041450641074658,194,0.0004311710058685488,36,COMPLETE
1,1795.2507786772176,2026-08-17 03:22:41.922280,2026-08-17 03:24:04.082266,0 days 00:01:22.159986,128,1.2933423796293568,209,0.0005059803874660431,26,COMPLETE
2,1793.5416024383408,2026-08-17 03:24:04.083144,2026-08-17 03:24:45.437866,0 days 00:00:41.354722,256,1.967927513349146,230,0.0024973286104060573,51,COMPLETE
3,1986.5539101912836,2026-08-17 03:24:45.438255,2026-08-17 03:26:06.794879,0 days 00:01:21.356624,128,1.1219929099857855,163,6.218230782016852e-05,61,COMPLETE
4,1860.208596815443,2026-08-17 03:26:06.795300,2026-08-17 03:26:30.787231,0 days 00:00:23.991931,512,1.9156221177719361,174,0.0011103525577197586,40,COMPLETE
5,2402.6232614559976,2026-08-17 03:26:30.787535,2026-08-17 03:26:31.204346,0 days 00:00:00.416811,1024,0.69338944648228,89,8.836597074694351e-05,44,PRUNED
6,2429.5719393742993,2026-08-17 03:26:31.204613,2026-08-17 03:26:31.453306,0 days 00:00:00.248693,5000,1.4796624881980978,54,5.752740814116689e-05,15,PRUNED
7,1780.2075628785274,2026-08-17 03:26:31.453548,2026-08-17 03:26:45.273065,0 days 00:00:13.819517,1024,1.0530877559914462,59,0.0029038868465087945,10,COMPLETE
8,2503.2741294142374,2026-08-17 03:26:45.273417,2026-08-17 03:26:45.538518,0 days 00:00:00.265101,5000,1.6088953690974526,180,1.3108813258313493e-05,63,PRUNED
9,2398.095096605241,2026-08-17 03:26:45.538761,2026-08-17 03:26:45.781921,0 days 00:00:00.243160,5000,1.5387081790550297,43,0.0005009615137983939,28,PRUNED
10,1731.9408438301941,2026-08-17 03:26:45.782192,2026-08-17 03:27:00.312978,0 days 00:00:14.530786,1024,0.5311532521504002,97,0.006150650717902697,3,COMPLETE
11,1721.6540226273473,2026-08-17 03:27:00.313387,2026-08-17 03:27:14.636335,0 days 00:00:14.322948,1024,0.6651914261196059,110,0.009738487017192219,2,COMPLETE
12,2143.499721920544,2026-08-17 03:27:14.636674,2026-08-17 03:27:15.090678,0 days 00:00:00.454004,1024,0.5877658531554291,119,0.008609272984475459,2,PRUNED
13,2123.447332134161,2026-08-17 03:27:15.090952,2026-08-17 03:27:15.526386,0 days 00:00:00.435434,1024,0.8064561679982376,120,0.008020098617316238,2,PRUNED
14,1750.0218752189603,2026-08-17 03:27:15.526651,2026-08-17 03:27:29.702708,0 days 00:00:14.176057,1024,0.5085706206820245,130,0.003796464870262428,15,COMPLETE
15,1701.3985896773402,2026-08-17 03:27:29.703121,2026-08-17 03:28:14.244060,0 days 00:00:44.540939,256,0.8680030531315309,16,0.008845630175763652,10,COMPLETE
16,2099.2543430756027,2026-08-17 03:28:14.244644,2026-08-17 03:28:16.131962,0 days 00:00:01.887318,256,0.8981165657764354,31,0.0014931215686034712,22,PRUNED
17,1710.341409315443,2026-08-17 03:28:16.132273,2026-08-17 03:28:59.905725,0 days 00:00:43.773452,256,0.9148206284434127,23,0.008579665382102029,12,COMPLETE
18,2158.2805876453895,2026-08-17 03:28:59.906140,2026-08-17 03:29:01.179722,0 days 00:00:01.273582,256,1.063644634104133,15,0.0013307525258343174,12,PRUNED
19,1711.7640988473936,2026-08-17 03:29:01.179973,2026-08-17 03:29:43.584169,0 days 00:00:42.404196,256,0.929711279908891,76,0.004119185013614355,21,COMPLETE
20,1737.4183793003783,2026-08-17 03:29:43.584485,2026-08-17 03:30:25.823100,0 days 00:00:42.238615,256,1.199730592432079,70,0.001955330483220659,29,COMPLETE
21,1708.1023660839405,2026-08-17 03:30:25.823449,2026-08-17 03:31:07.983788,0 days 00:00:42.160339,256,0.8692635375419306,73,0.004540652983540061,20,COMPLETE
22,1705.0877450164658,2026-08-17 03:31:07.984168,2026-08-17 03:31:50.165181,0 days 00:00:42.181013,256,0.7845515629287253,12,0.004708754278913129,9,COMPLETE
23,1710.3959698185258,2026-08-17 03:31:50.165512,2026-08-17 03:32:32.254508,0 days 00:00:42.088996,256,0.8214982595515193,12,0.0043847623534065535,8,COMPLETE
24,2218.039059215597,2026-08-17 03:32:32.254837,2026-08-17 03:32:32.983303,0 days 00:00:00.728466,512,0.7006716544014302,42,0.0008683785863978184,19,PRUNED
25,1708.787942518568,2026-08-17 03:32:32.983552,2026-08-17 03:33:15.198058,0 days 00:00:42.214506,256,0.9831708316731709,9,0.004952384753909382,8,COMPLETE
26,2070.0691197143005,2026-08-17 03:33:15.198419,2026-08-17 03:33:16.470032,0 days 00:00:01.271613,256,0.8168949203263509,42,0.002384087789771908,17,PRUNED
27,2149.5674791549886,2026-08-17 03:33:16.470301,2026-08-17 03:33:17.739250,0 days 00:00:01.268949,256,0.75270433621675,144,0.0002744914945377364,33,PRUNED
28,1716.858524339616,2026-08-17 03:33:17.739487,2026-08-17 03:33:59.760970,0 days 00:00:42.021483,256,1.1473447308226574,79,0.005374350617771032,24,COMPLETE
29,2209.9715045193384,2026-08-17 03:33:59.761370,2026-08-17 03:34:00.718702,0 days 00:00:00.957332,512,1.289131881032941,62,0.0008597339743504833,33,PRUNED
30,1705.6318853403955,2026-08-17 03:34:00.719104,2026-08-17 03:35:24.167485,0 days 00:01:23.448381,128,1.0249739370551536,33,0.003434175892174505,7,COMPLETE
31,1718.0110974504273,2026-08-17 03:35:24.167886,2026-08-17 03:36:48.028565,0 days 00:01:23.860679,128,1.0015033491543677,31,0.0029015239538729156,7,COMPLETE
32,1933.9867561921944,2026-08-17 03:36:48.028947,2026-08-17 03:36:54.967602,0 days 00:00:06.938655,128,0.8696176939783664,48,0.001954970516925321,14,PRUNED
33,1714.9866359009336,2026-08-17 03:36:54.967877,2026-08-17 03:38:18.343090,0 days 00:01:23.375213,128,1.2305525921191394,29,0.00616391338913064,6,COMPLETE
34,1693.7805066301148,2026-08-17 03:38:18.343424,2026-08-17 03:39:41.254999,0 days 00:01:22.911575,128,0.6425152712715743,64,0.0032283029737735815,19,COMPLETE
35,1702.9857415853594,2026-08-17 03:39:41.255454,2026-08-17 03:41:05.265213,0 days 00:01:24.009759,128,0.615957181091271,31,0.002722032357334309,10,COMPLETE
36,2033.9389594723825,2026-08-17 03:41:05.265577,2026-08-17 03:41:07.745296,0 days 00:00:02.479719,128,0.5923461280233671,93,0.0007744848460657835,11,PRUNED
37,2048.130337428619,2026-08-17 03:41:07.745551,2026-08-17 03:41:11.273781,0 days 00:00:03.528230,128,0.6243019192497278,253,0.0003267403425550674,18,PRUNED
38,1995.1961949096133,2026-08-17 03:41:11.274046,2026-08-17 03:41:14.583678,0 days 00:00:03.309632,128,0.7427189888928462,84,0.0016588214973370702,58,PRUNED
39,1949.0778989235916,2026-08-17 03:41:14.583937,2026-08-17 03:41:19.129299,0 days 00:00:04.545362,128,0.7539482168971299,54,0.002444398719173931,14,PRUNED
40,2208.706080962724,2026-08-17 03:41:19.129545,2026-08-17 03:41:19.412456,0 days 00:00:00.282911,5000,1.8652857622792953,64,0.006745422538041282,43,PRUNED
41,1701.8860084978455,2026-08-17 03:41:19.412705,2026-08-17 03:42:42.445794,0 days 00:01:23.033089,128,0.645820987330087,27,0.003104866839805352,6,COMPLETE
42,1707.2346098348164,2026-08-17 03:42:42.446134,2026-08-17 03:44:04.883219,0 days 00:01:22.437085,128,0.6527737246328613,6,0.003077236989740082,5,COMPLETE
43,2022.8996438338618,2026-08-17 03:44:04.883555,2026-08-17 03:44:07.514203,0 days 00:00:02.630648,128,0.5790443067504454,24,0.002214085856815947,11,PRUNED
44,2061.8749693455716,2026-08-17 03:44:07.514610,2026-08-17 03:44:10.900161,0 days 00:00:03.385551,128,0.5073552373099304,41,0.0011361947743753961,17,PRUNED
45,2402.864643182455,2026-08-17 03:44:10.900432,2026-08-17 03:44:11.831210,0 days 00:00:00.930778,512,0.7043741987742637,51,2.907890818756449e-05,24,PRUNED
46,1712.8233114336638,2026-08-17 03:44:11.831473,2026-08-17 03:45:34.804573,0 days 00:01:22.973100,128,0.6520285378713583,17,0.006456960190073275,5,COMPLETE
47,1705.3662560980417,2026-08-17 03:45:34.804910,2026-08-17 03:46:58.495313,0 days 00:01:23.690403,128,0.7815301719211203,36,0.0029782474628724568,10,COMPLETE
48,2088.383874456979,2026-08-17 03:46:58.495673,2026-08-17 03:46:58.795789,0 days 00:00:00.300116,5000,0.5518399113352581,52,0.00961062881702992,14,PRUNED
49,1707.863648008338,2026-08-17 03:46:58.796040,2026-08-17 03:48:23.390997,0 days 00:01:24.594957,128,0.6971660198808214,21,0.004160073299618435,4,COMPLETE
50,2105.445818161216,2026-08-17 03:48:23.391364,2026-08-17 03:48:24.181540,0 days 00:00:00.790176,512,0.9398644281843683,196,0.0006819537493718895,9,PRUNED
51,1981.4133626826676,2026-08-17 03:48:24.181773,2026-08-17 03:48:27.274592,0 days 00:00:03.092819,128,0.7830756852270969,36,0.003252666085233069,10,PRUNED
52,1698.6666002487389,2026-08-17 03:48:27.274852,2026-08-17 03:49:51.735596,0 days 00:01:24.460744,128,0.6123856585935419,24,0.007235324713292235,13,COMPLETE
53,1702.1863876821749,2026-08-17 03:49:51.735934,2026-08-17 03:51:15.896606,0 days 00:01:24.160672,128,0.6209550943459292,25,0.006982814915465474,15,COMPLETE
54,1703.3665363671,2026-08-17 03:51:15.896971,2026-08-17 03:52:39.966351,0 days 00:01:24.069380,128,0.6079251730011239,62,0.0073077747313467015,16,COMPLETE
55,1701.769387831068,2026-08-17 03:52:39.966701,2026-08-17 03:54:07.784405,0 days 00:01:27.817704,128,0.534365407618702,40,0.007849547825455909,23,COMPLETE
56,1696.2425049922927,2026-08-17 03:54:07.784877,2026-08-17 03:55:35.154391,0 days 00:01:27.369514,128,0.5122571216375391,46,0.00942043717233979,23,COMPLETE
57,1685.004756910384,2026-08-17 03:55:35.154807,2026-08-17 03:57:01.164149,0 days 00:01:26.009342,128,0.5007865389189354,45,0.009678572492357554,28,COMPLETE
58,2100.7132300133126,2026-08-17 03:57:01.164480,2026-08-17 03:57:01.465069,0 days 00:00:00.300589,5000,0.5042144246907496,70,0.009856976661721115,28,PRUNED
59,2050.8972463565024,2026-08-17 03:57:01.465345,2026-08-17 03:57:01.920281,0 days 00:00:00.454936,1024,0.5639923192418911,101,0.008054876640401198,24,PRUNED
60,1687.7106637997479,2026-08-17 03:57:01.920577,2026-08-17 03:58:28.247735,0 days 00:01:26.327158,128,0.5508798799918376,45,0.005436594141553871,32,COMPLETE
61,1692.6100176481923,2026-08-17 03:58:28.248123,2026-08-17 03:59:54.666612,0 days 00:01:26.418489,128,0.5475064110228806,46,0.005357286667126989,30,COMPLETE
62,1689.769904577144,2026-08-17 03:59:54.667001,2026-08-17 04:01:22.072562,0 days 00:01:27.405561,128,0.5512589026047322,48,0.005639240940987193,31,COMPLETE
63,1686.504722424152,2026-08-17 04:01:22.072928,2026-08-17 04:02:49.717425,0 days 00:01:27.644497,128,0.5541463152964036,47,0.005702732552667805,31,COMPLETE
64,1679.5878676341788,2026-08-17 04:02:49.717845,2026-08-17 04:04:18.196688,0 days 00:01:28.478843,128,0.535587286463484,56,0.005361976175040043,38,COMPLETE
65,1683.1276340912275,2026-08-17 04:04:18.197016,2026-08-17 04:05:48.428025,0 days 00:01:30.231009,128,0.5597037448849725,57,0.005322367984067384,37,COMPLETE
66,1681.3187830629904,2026-08-17 04:05:48.428465,2026-08-17 04:07:15.308686,0 days 00:01:26.880221,128,0.5644162530202053,58,0.005325729623281107,39,COMPLETE
67,1691.5525832924607,2026-08-17 04:07:15.309056,2026-08-17 04:08:40.466046,0 days 00:01:25.156990,128,0.7092310005455522,56,0.005006016457100676,39,COMPLETE
68,1686.6654835517097,2026-08-17 04:08:40.466399,2026-08-17 04:10:06.211213,0 days 00:01:25.744814,128,0.57124953767679,82,0.003976792017587424,37,COMPLETE
69,1686.2757743527536,2026-08-17 04:10:06.211585,2026-08-17 04:11:32.222878,0 days 00:01:26.011293,128,0.5710716961383558,88,0.004168223570144347,37,COMPLETE
70,2089.9847253363228,2026-08-17 04:11:32.223303,2026-08-17 04:11:32.659748,0 days 00:00:00.436445,1024,0.6739498341777128,81,0.003823276913407275,36,PRUNED
71,1683.1124037669913,2026-08-17 04:11:32.660000,2026-08-17 04:12:59.369066,0 days 00:01:26.709066,128,0.5755575839979101,107,0.003997181609819433,38,COMPLETE
72,1686.4777328422786,2026-08-17 04:12:59.369512,2026-08-17 04:14:26.212764,0 days 00:01:26.843252,128,0.5847794627044424,104,0.0040849576629931605,36,COMPLETE
73,1696.7722627785174,2026-08-17 04:14:26.213144,2026-08-17 04:15:51.835801,0 days 00:01:25.622657,128,0.7310978214900871,105,0.004456169618008971,44,COMPLETE
74,2009.272343793792,2026-08-17 04:15:51.836232,2026-08-17 04:15:54.578529,0 days 00:00:02.742297,128,0.5910560751040642,118,0.0015553204910732673,41,PRUNED
75,1981.6116259108744,2026-08-17 04:15:54.578851,2026-08-17 04:15:57.269226,0 days 00:00:02.690375,128,0.5039199583872945,138,0.0019434222688736852,47,PRUNED
76,1700.5974520696118,2026-08-17 04:15:57.269477,2026-08-17 04:17:24.987769,0 days 00:01:27.718292,128,0.6787859395195679,88,0.006161824183944985,34,COMPLETE
77,1873.1920817422226,2026-08-17 04:17:24.988160,2026-08-17 04:17:30.652487,0 days 00:00:05.664327,128,0.5877160120407328,75,0.003688143471802459,39,PRUNED
78,1999.673503516501,2026-08-17 04:17:30.652747,2026-08-17 04:17:33.221080,0 days 00:00:02.568333,128,0.6293198008554742,112,0.0023536435614326455,27,PRUNED
79,2076.1914806964687,2026-08-17 04:17:33.221326,2026-08-17 04:17:33.976204,0 days 00:00:00.754878,512,1.7071544233597602,128,0.004648831029154379,37,PRUNED
80,1687.6498607413116,2026-08-17 04:17:33.976450,2026-08-17 04:19:00.060359,0 days 00:01:26.083909,128,0.6640774910697479,58,0.00636857746722031,46,COMPLETE
81,1689.1424423696749,2026-08-17 04:19:00.060708,2026-08-17 04:20:25.268158,0 days 00:01:25.207450,128,0.5708678946279765,96,0.003972375543784861,37,COMPLETE
82,2184.0971923280727,2026-08-17 04:20:25.268525,2026-08-17 04:20:28.520020,0 days 00:00:03.251495,128,0.5445788056391445,69,0.0001302408261474174,35,PRUNED
83,1681.3891032265976,2026-08-17 04:20:28.520337,2026-08-17 04:21:51.868667,0 days 00:01:23.348330,128,0.5023681611868356,87,0.003559463984759592,42,COMPLETE
84,1678.3490389836743,2026-08-17 04:21:51.869021,2026-08-17 04:23:14.885510,0 days 00:01:23.016489,128,0.5088363137552504,92,0.00492696605162192,41,COMPLETE
85,1950.0983914088774,2026-08-17 04:23:14.885861,2026-08-17 04:23:17.436305,0 days 00:00:02.550444,128,0.500756106258716,106,0.0026148585842051273,41,PRUNED
86,2208.9842874159194,2026-08-17 04:23:17.436567,2026-08-17 04:23:17.731114,0 days 00:00:00.294547,5000,0.6035729922919475,94,0.0019169166807032042,49,PRUNED
87,1688.6506818420685,2026-08-17 04:23:17.731349,2026-08-17 04:24:40.688166,0 days 00:01:22.956817,128,0.6388787920339987,90,0.0048699992975933986,43,COMPLETE
88,1966.5990559530899,2026-08-17 04:24:40.688546,2026-08-17 04:24:43.140391,0 days 00:00:02.451845,128,0.7244247683674544,100,0.003378628212214166,39,PRUNED
89,2034.2384213845291,2026-08-17 04:24:43.140641,2026-08-17 04:24:43.579074,0 days 00:00:00.438433,1024,0.5303754485736868,114,0.008153568861474508,41,PRUNED
90,2401.752204929232,2026-08-17 04:24:43.579300,2026-08-17 04:24:46.148438,0 days 00:00:02.569138,128,0.676991306250459,67,1.0417464222215006e-05,45,PRUNED
91,1696.1051534473095,2026-08-17 04:24:46.148766,2026-08-17 04:26:09.233716,0 days 00:01:23.084950,128,0.5790770951658216,126,0.005593400157455062,34,COMPLETE
92,1671.7093150049047,2026-08-17 04:26:09.234189,2026-08-17 04:27:32.760361,0 days 00:01:23.526172,128,0.5318284317683077,76,0.0045407526570441,42,COMPLETE
93,1974.099344433156,2026-08-17 04:27:32.760758,2026-08-17 04:27:35.958059,0 days 00:00:03.197301,128,0.5342346799328532,87,0.002748455906844522,42,PRUNED
94,1952.7388067544844,2026-08-17 04:27:35.958309,2026-08-17 04:27:38.496039,0 days 00:00:02.537730,128,0.6119609089761843,76,0.00350018449936768,38,PRUNED
95,1686.4804753188062,2026-08-17 04:27:38.496317,2026-08-17 04:29:02.139449,0 days 00:01:23.643132,128,0.5016223290526463,60,0.004132481234928893,40,COMPLETE
96,1747.897948123949,2026-08-17 04:29:02.139794,2026-08-17 04:29:16.542565,0 days 00:00:14.402771,128,1.4015652782581236,73,0.007406678624430435,49,PRUNED
97,1682.5065337724216,2026-08-17 04:29:16.542806,2026-08-17 04:30:40.753763,0 days 00:01:24.210957,128,0.6425117370498593,64,0.004528739001975665,53,COMPLETE
98,1983.8144629782091,2026-08-17 04:30:40.754094,2026-08-17 04:30:43.289825,0 days 00:00:02.535731,128,0.8333874953306846,66,0.002168505169044157,55,PRUNED
99,2037.212776765695,2026-08-17 04:30:43.290085,2026-08-17 04:30:44.039907,0 days 00:00:00.749822,512,0.6482007796422364,58,0.004773391171702302,52,PRUNED
